<?xml version="1.0" encoding="UTF-8"?>
<testng-results ignored="0" total="1" passed="1" failed="0" skipped="0">
  <reporter-output>
  </reporter-output>
  <suite started-at="2020-09-28T10:54:58 IST" name="EmailReport" finished-at="2020-09-28T10:54:59 IST" duration-ms="829">
    <groups>
    </groups>
    <test started-at="2020-09-28T10:54:58 IST" name="EmailReportUsingMaven" finished-at="2020-09-28T10:54:59 IST" duration-ms="829">
      <class name="EmailMaven.EmailUsingMaven">
        <test-method signature="verifyLogin()[pri:0, instance:EmailMaven.EmailUsingMaven@5c909414]" started-at="2020-09-28T10:54:58 IST" name="verifyLogin" finished-at="2020-09-28T10:54:59 IST" duration-ms="764" status="PASS">
          <reporter-output>
          </reporter-output>
        </test-method> <!-- verifyLogin -->
      </class> <!-- EmailMaven.EmailUsingMaven -->
    </test> <!-- EmailReportUsingMaven -->
  </suite> <!-- EmailReport -->
</testng-results>
